<?xml version="1.0" encoding="UTF-8"?>
<!-- Generated by org.testng.reporters.JUnitReportReporter -->
<testsuite hostname="DESKTOP-35HHNRJ" failures="0" tests="1" name="tests.tc1" time="18.657" errors="0" timestamp="2024-02-07T14:03:19 IST" skipped="0">
  <testcase classname="tests.tc1" name="m1" time="18.657"/>
  <system-out>
    <![CDATA[Test Case Started m1
Test Case Success m1]]>
  </system-out>
</testsuite> <!-- tests.tc1 -->
